Unity Editor version:    2020.3.27f1 (e759542391ea)
Branch:                  2020.3/release
Build type:              Release
Batch mode:              YES
macOS version:           Version 11.7.10 (Build 20G1427)
Darwin version:          20.6.0
Architecture:            x86_64
Running under Rosetta:   NO
Available memory:        16384 MB
Using pre-set license
Pro License: NO

COMMAND LINE ARGUMENTS:
/Applications/2020.3.27f1/Unity.app/Contents/MacOS/Unity
-adb2
-batchMode
-noUpm
-name
AssetImportWorker0
-projectPath
/Users/game34/Desktop/Create With Code/Prototype 1
-logFile
Logs/AssetImportWorker0.log
-srvPort
49790
Successfully changed project path to: /Users/game34/Desktop/Create With Code/Prototype 1
Could not lock editor preferences. Preferences updates for this instance of Unity will not be saved./Users/game34/Desktop/Create With Code/Prototype 1
Using Asset Import Pipeline V2.
Refreshing native plugins compatible for Editor in 23.14 ms, found 2 plugins.
Preloading 0 native plugins for Editor in 0.00 ms.
Initialize engine version: 2020.3.27f1 (e759542391ea)
[Subsystems] Discovering subsystems at path /Applications/2020.3.27f1/Unity.app/Contents/Resources/UnitySubsystems
[Subsystems] Discovering subsystems at path /Users/game34/Desktop/Create With Code/Prototype 1/Assets
GfxDevice: creating device client; threaded=0
2025-09-10 12:30:04.322 Unity[51874:3416859] iMac preferred device: AMD Radeon Pro 5500 XT (high power)
2025-09-10 12:30:04.322 Unity[51874:3416859] Metal devices available: 1
2025-09-10 12:30:04.322 Unity[51874:3416859] 0: AMD Radeon Pro 5500 XT (high power)
2025-09-10 12:30:04.322 Unity[51874:3416859] Using device AMD Radeon Pro 5500 XT (high power)
Initializing Metal device caps: AMD Radeon Pro 5500 XT
Initialize mono
Mono path[0] = '/Applications/2020.3.27f1/Unity.app/Contents/Managed'
Mono path[1] = '/Applications/2020.3.27f1/Unity.app/Contents/MonoBleedingEdge/lib/mono/unityjit'
Mono config path = '/Applications/2020.3.27f1/Unity.app/Contents/MonoBleedingEdge/etc'
Using monoOptions --debugger-agent=transport=dt_socket,embedding=1,server=y,suspend=n,address=127.0.0.1:56874
Begin MonoManager ReloadAssembly
Registering precompiled unity dll's ...
Register platform support module: /Applications/2020.3.27f1/Unity.app/Contents/PlaybackEngines/MacStandaloneSupport/UnityEditor.OSXStandalone.Extensions.dll
Registered in 0.000465 seconds.
Native extension for OSXStandalone target not found
Refreshing native plugins compatible for Editor in 23.36 ms, found 2 plugins.
Preloading 0 native plugins for Editor in 0.00 ms.
Mono: successfully reloaded assembly
- Completed reload, in  0.516 seconds
Domain Reload Profiling:
	ReloadAssembly (516ms)
		BeginReloadAssembly (37ms)
			ExecutionOrderSort (0ms)
			DisableScriptedObjects (0ms)
			BackupInstance (0ms)
			ReleaseScriptingObjects (0ms)
			CreateAndSetChildDomain (1ms)
		EndReloadAssembly (414ms)
			LoadAssemblies (36ms)
			RebuildTransferFunctionScriptingTraits (0ms)
			SetupTypeCache (158ms)
			ReleaseScriptCaches (0ms)
			RebuildScriptCaches (32ms)
			SetupLoadedEditorAssemblies (151ms)
				LogAssemblyErrors (0ms)
				InitializePlatformSupportModulesInManaged (4ms)
				SetLoadedEditorAssemblies (0ms)
				RefreshPlugins (23ms)
				BeforeProcessingInitializeOnLoad (7ms)
				ProcessInitializeOnLoadAttributes (91ms)
				ProcessInitializeOnLoadMethodAttributes (26ms)
				AfterProcessingInitializeOnLoad (0ms)
				EditorAssembliesLoaded (0ms)
			ExecutionOrderSort2 (0ms)
			AwakeInstancesAfterBackupRestoration (0ms)
Platform modules already initialized, skipping
Registering precompiled user dll's ...
Registered in 0.001621 seconds.
Begin MonoManager ReloadAssembly
Native extension for OSXStandalone target not found
Refreshing native plugins compatible for Editor in 0.28 ms, found 2 plugins.
Preloading 0 native plugins for Editor in 0.00 ms.
Mono: successfully reloaded assembly
- Completed reload, in  0.903 seconds
Domain Reload Profiling:
	ReloadAssembly (904ms)
		BeginReloadAssembly (133ms)
			ExecutionOrderSort (0ms)
			DisableScriptedObjects (4ms)
			BackupInstance (0ms)
			ReleaseScriptingObjects (0ms)
			CreateAndSetChildDomain (27ms)
		EndReloadAssembly (716ms)
			LoadAssemblies (62ms)
			RebuildTransferFunctionScriptingTraits (0ms)
			SetupTypeCache (275ms)
			ReleaseScriptCaches (0ms)
			RebuildScriptCaches (44ms)
			SetupLoadedEditorAssemblies (241ms)
				LogAssemblyErrors (0ms)
				InitializePlatformSupportModulesInManaged (4ms)
				SetLoadedEditorAssemblies (0ms)
				RefreshPlugins (0ms)
				BeforeProcessingInitializeOnLoad (40ms)
				ProcessInitializeOnLoadAttributes (187ms)
				ProcessInitializeOnLoadMethodAttributes (8ms)
				AfterProcessingInitializeOnLoad (1ms)
				EditorAssembliesLoaded (0ms)
			ExecutionOrderSort2 (0ms)
			AwakeInstancesAfterBackupRestoration (6ms)
Platform modules already initialized, skipping
Validating Project structure ... 0.000806 seconds.
Shader import version has changed; will reimport all shaders...
Upgrading shader files ...0.001107 seconds.
Application.AssetDatabase Initial Script Refresh Start
RefreshInfo: InitialScriptRefreshV2(NoUpdateAssetOptions) scanfilter:  ... 1 filters
RefreshProfiler: Total: 0.000ms
Application.AssetDatabase Initial Script Refresh End
Application.AssetDatabase.Refresh Start
Application.AssetDatabase.Refresh End
RefreshInfo: StopAssetImportingV2(ForceSynchronousImport) scanfilter: 
RefreshProfiler: Total: 0.000ms
Launching external process: /Applications/2020.3.27f1/Unity.app/Contents/Tools/UnityShaderCompiler
Launched and connected shader compiler UnityShaderCompiler after 0.01 seconds
Initializing Unity extensions:
========================================================================
Worker process is ready to serve import requests
Refreshing native plugins compatible for Editor in 0.20 ms, found 2 plugins.
Preloading 0 native plugins for Editor in 0.00 ms.
Unloading 1504 Unused Serialized files (Serialized files now loaded: 0)
System memory in use before: 175.9 MB.
System memory in use after: 175.1 MB.

Unloading 80 unused Assets to reduce memory usage. Loaded Objects now: 1975.
Total: 2.451910 ms (FindLiveObjects: 0.104590 ms CreateObjectMapping: 0.037126 ms MarkObjects: 1.930105 ms  DeleteObjects: 0.379478 ms)

AssetImportParameters requested are different than current active one (requested -> active):
  custom:video-decoder-ogg-theora: a1e56fd34408186e4bbccfd4996cb3dc -> 
  custom:container-muxer-webm: aa71ff27fc2769a1b78a27578f13a17b -> 
  custom:container-demuxer-webm: 4f35f7cbe854078d1ac9338744f61a02 -> 
  custom:container-demuxer-ogg: 62fdf1f143b41e24485cea50d1cbac27 -> 
  custom:video-encoder-webm-vp8: eb34c28f22e8b96e1ab97ce403110664 -> 
  custom:framework-osx-AVFoundation: e770b220cccbd017edd2c1fefb359320 -> 
  custom:video-decoder-webm-vp8: 9c59270c3fd7afecdb556c50c9e8de78 -> 
  custom:audio-decoder-ogg-vorbis: bf7c407c2cedff20999df2af8eb42d56 -> 
  custom:audio-encoder-webm-vorbis: bf7c407c2cedff20999df2af8eb42d56 -> 
========================================================================
Received Import Request.
  path: Assets/Course Library/_Source_Files/Materials/SimpleSky.mat
  artifactKey: Guid(e68f77e240a7f8643b5cc4253dc37516) Importer(815301076,1909f56bfc062723c751e8b465ee728b)
Start importing Assets/Course Library/_Source_Files/Materials/SimpleSky.mat using Guid(e68f77e240a7f8643b5cc4253dc37516) Importer(815301076,1909f56bfc062723c751e8b465ee728b)  -> (artifact id: '52a386c0fd6ef6f892c35cd618649fdc') in 0.971913 seconds 
  Import took 0.975798 seconds .

========================================================================
Received Import Request.
  Time since last request: 0.000443 seconds.
  path: Assets/Course Library/_Source_Files/Materials/Military_Green.mat
  artifactKey: Guid(7bc72f97a09670a4f9b072e70f88f4cd) Importer(815301076,1909f56bfc062723c751e8b465ee728b)
Start importing Assets/Course Library/_Source_Files/Materials/Military_Green.mat using Guid(7bc72f97a09670a4f9b072e70f88f4cd) Importer(815301076,1909f56bfc062723c751e8b465ee728b)  -> (artifact id: '6183a6cba1c44e11f90ba2a4ac1ba5aa') in 0.375219 seconds 
  Import took 0.377308 seconds .

========================================================================
Received Import Request.
  Time since last request: 0.000178 seconds.
  path: Assets/Course Library/_Source_Files/FBX/Triangular_Prism.obj
  artifactKey: Guid(0a29e5b800b3746428b5645480341512) Importer(815301076,1909f56bfc062723c751e8b465ee728b)
Start importing Assets/Course Library/_Source_Files/FBX/Triangular_Prism.obj using Guid(0a29e5b800b3746428b5645480341512) Importer(815301076,1909f56bfc062723c751e8b465ee728b)  -> (artifact id: '579bf1251f921187a9c7f023d0396e04') in 2.308039 seconds 
  Import took 2.312743 seconds .

========================================================================
Received Import Request.
  Time since last request: 0.000177 seconds.
  path: Assets/Course Library/_Source_Files/Materials/PolygonNature_01.mat
  artifactKey: Guid(b72e16591230315448c77c827b522ae1) Importer(815301076,1909f56bfc062723c751e8b465ee728b)
Start importing Assets/Course Library/_Source_Files/Materials/PolygonNature_01.mat using Guid(b72e16591230315448c77c827b522ae1) Importer(815301076,1909f56bfc062723c751e8b465ee728b)  -> (artifact id: '225d54b1b74bcd83bf001d0b7eac556c') in 0.211388 seconds 
  Import took 0.213130 seconds .

========================================================================
Received Import Request.
  Time since last request: 0.000192 seconds.
  path: Assets/Course Library/_Source_Files/Materials/PolygonNature_MountainSkybox_Snow.mat
  artifactKey: Guid(fb87686c53fbcc24a867e24f6b622498) Importer(815301076,1909f56bfc062723c751e8b465ee728b)
Start importing Assets/Course Library/_Source_Files/Materials/PolygonNature_MountainSkybox_Snow.mat using Guid(fb87686c53fbcc24a867e24f6b622498) Importer(815301076,1909f56bfc062723c751e8b465ee728b)  -> (artifact id: '11579e6c2088ab75c14b4aede77c898b') in 0.332026 seconds 
  Import took 0.334371 seconds .

========================================================================
Received Import Request.
  Time since last request: 0.000195 seconds.
  path: Assets/Course Library/_Source_Files/Materials/Prop_Signs_00.mat
  artifactKey: Guid(16907a240f508cc46bb9ee1d37bc94ec) Importer(815301076,1909f56bfc062723c751e8b465ee728b)
Start importing Assets/Course Library/_Source_Files/Materials/Prop_Signs_00.mat using Guid(16907a240f508cc46bb9ee1d37bc94ec) Importer(815301076,1909f56bfc062723c751e8b465ee728b)  -> (artifact id: '5398d5666b2d663b5a08acb53b4452a3') in 0.310458 seconds 
  Import took 0.312929 seconds .

========================================================================
Received Import Request.
  Time since last request: 0.000284 seconds.
  path: Assets/Course Library/_Source_Files/Materials/MilitaryProps.mat
  artifactKey: Guid(af9d3101091f90d4db78a2097d5dcb84) Importer(815301076,1909f56bfc062723c751e8b465ee728b)
Start importing Assets/Course Library/_Source_Files/Materials/MilitaryProps.mat using Guid(af9d3101091f90d4db78a2097d5dcb84) Importer(815301076,1909f56bfc062723c751e8b465ee728b)  -> (artifact id: '07e537f3830c5bdf3aac3660eebacb0e') in 0.011657 seconds 
  Import took 0.014143 seconds .

========================================================================
Received Import Request.
  Time since last request: 0.000247 seconds.
  path: Assets/Course Library/_Source_Files/Materials/Road.mat
  artifactKey: Guid(aaee9edfd91ad584982e7126ed73c97d) Importer(815301076,1909f56bfc062723c751e8b465ee728b)
Start importing Assets/Course Library/_Source_Files/Materials/Road.mat using Guid(aaee9edfd91ad584982e7126ed73c97d) Importer(815301076,1909f56bfc062723c751e8b465ee728b)  -> (artifact id: '87450872867e35feb4095e60b6bb0653') in 0.007219 seconds 
  Import took 0.009123 seconds .

========================================================================
Received Import Request.
  Time since last request: 0.000152 seconds.
  path: Assets/Course Library/_Source_Files/Materials/SimpleTown.mat
  artifactKey: Guid(7cce38ba40b7d05439de10ddde5afaf6) Importer(815301076,1909f56bfc062723c751e8b465ee728b)
Start importing Assets/Course Library/_Source_Files/Materials/SimpleTown.mat using Guid(7cce38ba40b7d05439de10ddde5afaf6) Importer(815301076,1909f56bfc062723c751e8b465ee728b)  -> (artifact id: 'd4b0c6e17300dae88470bc87508d4e05') in 0.179157 seconds 
  Import took 0.180963 seconds .

========================================================================
Received Import Request.
  Time since last request: 612.397600 seconds.
  path: Assets/Scenes/Prototype 1.unity
  artifactKey: Guid(84729eeda748340d0955715b6a50b370) Importer(815301076,1909f56bfc062723c751e8b465ee728b)
Start importing Assets/Scenes/Prototype 1.unity using Guid(84729eeda748340d0955715b6a50b370) Importer(815301076,1909f56bfc062723c751e8b465ee728b)  -> (artifact id: 'c9c32aea6caf52e24623abaacc8ce492') in 0.001213 seconds 
  Import took 0.003182 seconds .

========================================================================
Received Import Request.
  Time since last request: 23.865552 seconds.
  path: Assets/Course Library/Vehicles
  artifactKey: Guid(2908f202f052a4d2bb20f125b017534d) Importer(815301076,1909f56bfc062723c751e8b465ee728b)
Start importing Assets/Course Library/Vehicles using Guid(2908f202f052a4d2bb20f125b017534d) Importer(815301076,1909f56bfc062723c751e8b465ee728b)  -> (artifact id: '6e47b9d23b9bd8c36d590a1d57094829') in 0.000946 seconds 
  Import took 0.002862 seconds .

========================================================================
Received Import Request.
  Time since last request: 0.068687 seconds.
  path: Assets/Course Library/Vehicles/Veh_Armor_Car_01.prefab
  artifactKey: Guid(aea2a6cdcc9d7944090d528486ebaee1) Importer(815301076,1909f56bfc062723c751e8b465ee728b)
Start importing Assets/Course Library/Vehicles/Veh_Armor_Car_01.prefab using Guid(aea2a6cdcc9d7944090d528486ebaee1) Importer(815301076,1909f56bfc062723c751e8b465ee728b)  -> (artifact id: '2836952901077c30dea1e18c36eec3f3') in 0.246199 seconds 
  Import took 0.250170 seconds .

========================================================================
Received Import Request.
  Time since last request: 0.000157 seconds.
  path: Assets/Course Library/Vehicles/Veh_Car_Blue_Z.prefab
  artifactKey: Guid(09082afec7b5e824ca611a0cc3264bcd) Importer(815301076,1909f56bfc062723c751e8b465ee728b)
Start importing Assets/Course Library/Vehicles/Veh_Car_Blue_Z.prefab using Guid(09082afec7b5e824ca611a0cc3264bcd) Importer(815301076,1909f56bfc062723c751e8b465ee728b)  -> (artifact id: '0a2647a5a0f430ec619c854b82d40558') in 0.038210 seconds 
  Import took 0.040484 seconds .

========================================================================
Received Import Request.
  Time since last request: 0.000153 seconds.
  path: Assets/Course Library/Vehicles/Veh_Bus_Blue_Z.prefab
  artifactKey: Guid(da59e5a3713884d4f9e9667c2befa1a4) Importer(815301076,1909f56bfc062723c751e8b465ee728b)
Start importing Assets/Course Library/Vehicles/Veh_Bus_Blue_Z.prefab using Guid(da59e5a3713884d4f9e9667c2befa1a4) Importer(815301076,1909f56bfc062723c751e8b465ee728b)  -> (artifact id: 'ed2b95140408947c25e865cb5cf3870c') in 0.008821 seconds 
  Import took 0.010679 seconds .

========================================================================
Received Import Request.
  Time since last request: 0.000161 seconds.
  path: Assets/Course Library/Vehicles/Veh_Ute_Red_Z.prefab
  artifactKey: Guid(70bf34f6c25c948458f254e87188b00b) Importer(815301076,1909f56bfc062723c751e8b465ee728b)
Start importing Assets/Course Library/Vehicles/Veh_Ute_Red_Z.prefab using Guid(70bf34f6c25c948458f254e87188b00b) Importer(815301076,1909f56bfc062723c751e8b465ee728b)  -> (artifact id: '52f352ec2c739fd8e1436ebd6e80fad8') in 0.009595 seconds 
  Import took 0.011843 seconds .

========================================================================
Received Import Request.
  Time since last request: 0.000161 seconds.
  path: Assets/Course Library/Vehicles/Veh_Van_Green_Z.prefab
  artifactKey: Guid(68840c673a0b18e41a044ed077548d55) Importer(815301076,1909f56bfc062723c751e8b465ee728b)
Start importing Assets/Course Library/Vehicles/Veh_Van_Green_Z.prefab using Guid(68840c673a0b18e41a044ed077548d55) Importer(815301076,1909f56bfc062723c751e8b465ee728b)  -> (artifact id: 'f8522967de202e1d7fbc8d7f763e44f2') in 0.008857 seconds 
  Import took 0.011017 seconds .

========================================================================
Received Prepare
Registering precompiled user dll's ...
Registered in 0.003016 seconds.
Begin MonoManager ReloadAssembly
Native extension for OSXStandalone target not found
Refreshing native plugins compatible for Editor in 0.33 ms, found 2 plugins.
Preloading 0 native plugins for Editor in 0.00 ms.
Mono: successfully reloaded assembly
- Completed reload, in  0.914 seconds
Domain Reload Profiling:
	ReloadAssembly (914ms)
		BeginReloadAssembly (103ms)
			ExecutionOrderSort (0ms)
			DisableScriptedObjects (4ms)
			BackupInstance (0ms)
			ReleaseScriptingObjects (0ms)
			CreateAndSetChildDomain (48ms)
		EndReloadAssembly (755ms)
			LoadAssemblies (62ms)
			RebuildTransferFunctionScriptingTraits (0ms)
			SetupTypeCache (285ms)
			ReleaseScriptCaches (1ms)
			RebuildScriptCaches (40ms)
			SetupLoadedEditorAssemblies (266ms)
				LogAssemblyErrors (0ms)
				InitializePlatformSupportModulesInManaged (4ms)
				SetLoadedEditorAssemblies (0ms)
				RefreshPlugins (0ms)
				BeforeProcessingInitializeOnLoad (75ms)
				ProcessInitializeOnLoadAttributes (177ms)
				ProcessInitializeOnLoadMethodAttributes (8ms)
				AfterProcessingInitializeOnLoad (1ms)
				EditorAssembliesLoaded (0ms)
			ExecutionOrderSort2 (0ms)
			AwakeInstancesAfterBackupRestoration (6ms)
Platform modules already initialized, skipping
Refreshing native plugins compatible for Editor in 0.28 ms, found 2 plugins.
Preloading 0 native plugins for Editor in 0.00 ms.
Unloading 1497 Unused Serialized files (Serialized files now loaded: 0)
System memory in use before: 190.0 MB.
System memory in use after: 190.1 MB.

Unloading 15 unused Assets to reduce memory usage. Loaded Objects now: 2022.
Total: 2.046892 ms (FindLiveObjects: 0.102757 ms CreateObjectMapping: 0.037804 ms MarkObjects: 1.894806 ms  DeleteObjects: 0.010868 ms)

AssetImportParameters requested are different than current active one (requested -> active):
  custom:video-decoder-ogg-theora: a1e56fd34408186e4bbccfd4996cb3dc -> 
  custom:container-muxer-webm: aa71ff27fc2769a1b78a27578f13a17b -> 
  custom:container-demuxer-webm: 4f35f7cbe854078d1ac9338744f61a02 -> 
  custom:container-demuxer-ogg: 62fdf1f143b41e24485cea50d1cbac27 -> 
  custom:video-encoder-webm-vp8: eb34c28f22e8b96e1ab97ce403110664 -> 
  custom:framework-osx-AVFoundation: e770b220cccbd017edd2c1fefb359320 -> 
  custom:video-decoder-webm-vp8: 9c59270c3fd7afecdb556c50c9e8de78 -> 
  custom:audio-decoder-ogg-vorbis: bf7c407c2cedff20999df2af8eb42d56 -> 
  custom:audio-encoder-webm-vorbis: bf7c407c2cedff20999df2af8eb42d56 -> 
AssetImportWorkerClient::OnTransportError - code=2 error=End of file
